0 info it worked if it ends with ok
1 verbose cli [ 'D:\\project\\nodejs\\node.exe',
1 verbose cli   'D:\\project\\nodejs\\node_modules\\npm\\bin\\npm-cli.js',
1 verbose cli   'run-script',
1 verbose cli   'part-stage' ]
2 info using npm@3.10.3
3 info using node@v6.3.0
4 verbose run-script [ 'prepart-stage', 'part-stage', 'postpart-stage' ]
5 info lifecycle koawebpackvue@0.0.1~prepart-stage: koawebpackvue@0.0.1
6 silly lifecycle koawebpackvue@0.0.1~prepart-stage: no script for prepart-stage, continuing
7 info lifecycle koawebpackvue@0.0.1~part-stage: koawebpackvue@0.0.1
8 verbose lifecycle koawebpackvue@0.0.1~part-stage: unsafe-perm in lifecycle true
9 verbose lifecycle koawebpackvue@0.0.1~part-stage: PATH: D:\project\nodejs\node_modules\npm\bin\node-gyp-bin;F:\koawebpackvue\node_modules\.bin;D:\project\nodejs;D:\360安全桌面\360\360DeskTop;D:\project\nodejs\;D:\project\picturetools\imagemagick\ImageMagick-7.0.2-Q16;d:\project\picturetools\graphicmagick\graphicsmagick-1.3.24-q16;C:\Windows\system32;C:\Windows;C:\Windows\System32\Wbem;C:\Windows\System32\WindowsPowerShell\v1.0\;F:\nodejs6.2\node-v6.2.2-win-x86\;D:\project\versioncontroltools\git\Git\cmd;D:\project\versioncontroltools\svn\bin;D:\project\mongodb\bin;D:\project\versioncontroltools\svnserver\bin;D:\project\nginx\nginx-1.11.2;D:\project\phantomjs\;D:\project\nwjs-sdk-v0.16.1-win-ia32;C:\Users\Administrator\AppData\Roaming\npm;D:\project\Microsoft VS Code\bin
10 verbose lifecycle koawebpackvue@0.0.1~part-stage: CWD: F:\koawebpackvue
11 silly lifecycle koawebpackvue@0.0.1~part-stage: Args: [ '/d /s /c', 'babel-node app.musicplayer.js' ]
12 silly lifecycle koawebpackvue@0.0.1~part-stage: Returned: code: 1  signal: null
13 info lifecycle koawebpackvue@0.0.1~part-stage: Failed to exec part-stage script
14 verbose stack Error: koawebpackvue@0.0.1 part-stage: `babel-node app.musicplayer.js`
14 verbose stack Exit status 1
14 verbose stack     at EventEmitter.<anonymous> (D:\project\nodejs\node_modules\npm\lib\utils\lifecycle.js:242:16)
14 verbose stack     at emitTwo (events.js:106:13)
14 verbose stack     at EventEmitter.emit (events.js:191:7)
14 verbose stack     at ChildProcess.<anonymous> (D:\project\nodejs\node_modules\npm\lib\utils\spawn.js:40:14)
14 verbose stack     at emitTwo (events.js:106:13)
14 verbose stack     at ChildProcess.emit (events.js:191:7)
14 verbose stack     at maybeClose (internal/child_process.js:852:16)
14 verbose stack     at Process.ChildProcess._handle.onexit (internal/child_process.js:215:5)
15 verbose pkgid koawebpackvue@0.0.1
16 verbose cwd F:\koawebpackvue
17 error Windows_NT 6.1.7601
18 error argv "D:\\project\\nodejs\\node.exe" "D:\\project\\nodejs\\node_modules\\npm\\bin\\npm-cli.js" "run-script" "part-stage"
19 error node v6.3.0
20 error npm  v3.10.3
21 error code ELIFECYCLE
22 error koawebpackvue@0.0.1 part-stage: `babel-node app.musicplayer.js`
22 error Exit status 1
23 error Failed at the koawebpackvue@0.0.1 part-stage script 'babel-node app.musicplayer.js'.
23 error Make sure you have the latest version of node.js and npm installed.
23 error If you do, this is most likely a problem with the koawebpackvue package,
23 error not with npm itself.
23 error Tell the author that this fails on your system:
23 error     babel-node app.musicplayer.js
23 error You can get information on how to open an issue for this project with:
23 error     npm bugs koawebpackvue
23 error Or if that isn't available, you can get their info via:
23 error     npm owner ls koawebpackvue
23 error There is likely additional logging output above.
24 verbose exit [ 1, true ]
